<?xml version="1.0" encoding="UTF-8"?>
<!-- Generated by org.testng.reporters.JUnitReportReporter -->
<testsuite hostname="labo1-PC" name="edu.esprit.teemJee.FibonacciTest" tests="1" failures="0" timestamp="30 Nov 2013 09:32:48 GMT" time="0.008" errors="0">
  <testcase name="shouldReturnOneWhenOneIn" time="0.008" classname="edu.esprit.teemJee.FibonacciTest"/>
</testsuite> <!-- edu.esprit.teemJee.FibonacciTest -->
